0 info it worked if it ends with ok
1 verbose cli [ 'C:\\Program Files\\nodejs\\\\node.exe',
1 verbose cli   'C:\\Program Files\\nodejs\\node_modules\\npm\\bin\\npm-cli.js',
1 verbose cli   'install',
1 verbose cli   '--save',
1 verbose cli   'loopback-componnent-oauth2' ]
2 info using npm@1.4.28
3 info using node@v0.10.32
4 verbose node symlink C:\Program Files\nodejs\\node.exe
5 warn package.json barmanapi@0.0.1 No description
6 warn package.json barmanapi@0.0.1 No repository field.
7 warn package.json barmanapi@0.0.1 No README data
8 verbose readDependencies using package.json deps
9 verbose cache add [ 'loopback-componnent-oauth2', null ]
10 verbose cache add name=undefined spec="loopback-componnent-oauth2" args=["loopback-componnent-oauth2",null]
11 verbose parsed url { protocol: null,
11 verbose parsed url   slashes: null,
11 verbose parsed url   auth: null,
11 verbose parsed url   host: null,
11 verbose parsed url   port: null,
11 verbose parsed url   hostname: null,
11 verbose parsed url   hash: null,
11 verbose parsed url   search: null,
11 verbose parsed url   query: null,
11 verbose parsed url   pathname: 'loopback-componnent-oauth2',
11 verbose parsed url   path: 'loopback-componnent-oauth2',
11 verbose parsed url   href: 'loopback-componnent-oauth2' }
12 silly lockFile 62c0bc14-loopback-componnent-oauth2 loopback-componnent-oauth2
13 verbose lock loopback-componnent-oauth2 C:\Users\Felipe\AppData\Roaming\npm-cache\62c0bc14-loopback-componnent-oauth2.lock
14 silly lockFile 62c0bc14-loopback-componnent-oauth2 loopback-componnent-oauth2
15 silly lockFile 62c0bc14-loopback-componnent-oauth2 loopback-componnent-oauth2
16 verbose addNamed [ 'loopback-componnent-oauth2', '' ]
17 verbose addNamed [ null, '*' ]
18 silly lockFile 31c38453-loopback-componnent-oauth2 loopback-componnent-oauth2@
19 verbose lock loopback-componnent-oauth2@ C:\Users\Felipe\AppData\Roaming\npm-cache\31c38453-loopback-componnent-oauth2.lock
20 silly addNameRange { name: 'loopback-componnent-oauth2',
20 silly addNameRange   range: '*',
20 silly addNameRange   hasData: false }
21 verbose request where is /loopback-componnent-oauth2
22 verbose request registry https://registry.npmjs.org/
23 verbose request id 1f4b0b6e477256e2
24 verbose url raw /loopback-componnent-oauth2
25 verbose url resolving [ 'https://registry.npmjs.org/',
25 verbose url resolving   './loopback-componnent-oauth2' ]
26 verbose url resolved https://registry.npmjs.org/loopback-componnent-oauth2
27 verbose request where is https://registry.npmjs.org/loopback-componnent-oauth2
28 info trying registry request attempt 1 at 17:12:11
29 http GET https://registry.npmjs.org/loopback-componnent-oauth2
30 http 404 https://registry.npmjs.org/loopback-componnent-oauth2
31 verbose headers { date: 'Fri, 07 Nov 2014 20:12:11 GMT',
31 verbose headers   server: 'CouchDB/1.5.0 (Erlang OTP/R16B03)',
31 verbose headers   'content-type': 'application/json',
31 verbose headers   'cache-control': 'max-age=0',
31 verbose headers   'content-length': '52',
31 verbose headers   'accept-ranges': 'bytes',
31 verbose headers   via: '1.1 varnish',
31 verbose headers   age: '0',
31 verbose headers   'x-served-by': 'cache-sjc3124-SJC',
31 verbose headers   'x-cache': 'MISS',
31 verbose headers   'x-cache-hits': '0',
31 verbose headers   'x-timer': 'S1415391131.086542,VS0,VE152',
31 verbose headers   'keep-alive': 'timeout=10, max=50',
31 verbose headers   connection: 'Keep-Alive' }
32 silly registry.get cb [ 404,
32 silly registry.get   { date: 'Fri, 07 Nov 2014 20:12:11 GMT',
32 silly registry.get     server: 'CouchDB/1.5.0 (Erlang OTP/R16B03)',
32 silly registry.get     'content-type': 'application/json',
32 silly registry.get     'cache-control': 'max-age=0',
32 silly registry.get     'content-length': '52',
32 silly registry.get     'accept-ranges': 'bytes',
32 silly registry.get     via: '1.1 varnish',
32 silly registry.get     age: '0',
32 silly registry.get     'x-served-by': 'cache-sjc3124-SJC',
32 silly registry.get     'x-cache': 'MISS',
32 silly registry.get     'x-cache-hits': '0',
32 silly registry.get     'x-timer': 'S1415391131.086542,VS0,VE152',
32 silly registry.get     'keep-alive': 'timeout=10, max=50',
32 silly registry.get     connection: 'Keep-Alive' } ]
33 silly lockFile 31c38453-loopback-componnent-oauth2 loopback-componnent-oauth2@
34 silly lockFile 31c38453-loopback-componnent-oauth2 loopback-componnent-oauth2@
35 error 404 404 Not Found: loopback-componnent-oauth2
35 error 404
35 error 404 'loopback-componnent-oauth2' is not in the npm registry.
35 error 404 You should bug the author to publish it
35 error 404 It was specified as a dependency of 'barmanapi'
35 error 404
35 error 404 Note that you can also install from a
35 error 404 tarball, folder, or http url, or git url.
36 error System Windows_NT 6.2.9200
37 error command "C:\\Program Files\\nodejs\\\\node.exe" "C:\\Program Files\\nodejs\\node_modules\\npm\\bin\\npm-cli.js" "install" "--save" "loopback-componnent-oauth2"
38 error cwd D:\Proyectos_Datactil\TIC\BBDD\API\barmanapi
39 error node -v v0.10.32
40 error npm -v 1.4.28
41 error code E404
42 verbose exit [ 1, true ]
